solver_lib.dir\release\adapt_mesh.obj
solver_lib.dir\release\domain.obj
solver_lib.dir\release\integrator.obj
solver_lib.dir\release\interpolation.obj
solver_lib.dir\release\ivpsolver.obj
solver_lib.dir\release\pointsearch.obj
solver_lib.dir\release\probability.obj
solver_lib.dir\release\simulation_parameters.obj
solver_lib.dir\release\sim_data.obj
solver_lib.dir\release\impulse_transformations.obj
c:\users\imm-vicente\source\repos\liouville_solver_nd\build\src\cmakefiles\generate.stamp
c:\users\imm-vicente\source\repos\liouville_solver_nd\build\src\solver_lib.dir\release\adapt_mesh.cu.cache
c:\users\imm-vicente\source\repos\liouville_solver_nd\build\src\solver_lib.dir\release\domain.cu.cache
c:\users\imm-vicente\source\repos\liouville_solver_nd\build\src\solver_lib.dir\release\impulse_transformations.cu.cache
c:\users\imm-vicente\source\repos\liouville_solver_nd\build\src\solver_lib.dir\release\integrator.cu.cache
c:\users\imm-vicente\source\repos\liouville_solver_nd\build\src\solver_lib.dir\release\interpolation.cu.cache
c:\users\imm-vicente\source\repos\liouville_solver_nd\build\src\solver_lib.dir\release\ivpsolver.cu.cache
c:\users\imm-vicente\source\repos\liouville_solver_nd\build\src\solver_lib.dir\release\pointsearch.cu.cache
c:\users\imm-vicente\source\repos\liouville_solver_nd\build\src\solver_lib.dir\release\probability.cu.cache
c:\users\imm-vicente\source\repos\liouville_solver_nd\build\src\solver_lib.dir\release\simulation_parameters.cu.cache
c:\users\imm-vicente\source\repos\liouville_solver_nd\build\src\solver_lib.dir\release\sim_data.cu.cache
c:\users\imm-vicente\source\repos\liouville_solver_nd\build\src\solver_lib.dir\release\adapt_mesh.obj
c:\users\imm-vicente\source\repos\liouville_solver_nd\build\src\solver_lib.dir\release\domain.obj
c:\users\imm-vicente\source\repos\liouville_solver_nd\build\src\solver_lib.dir\release\impulse_transformations.obj
c:\users\imm-vicente\source\repos\liouville_solver_nd\build\src\solver_lib.dir\release\interpolation.obj
c:\users\imm-vicente\source\repos\liouville_solver_nd\build\src\solver_lib.dir\release\ivpsolver.obj
c:\users\imm-vicente\source\repos\liouville_solver_nd\build\src\solver_lib.dir\release\pointsearch.obj
c:\users\imm-vicente\source\repos\liouville_solver_nd\build\src\solver_lib.dir\release\probability.obj
c:\users\imm-vicente\source\repos\liouville_solver_nd\build\src\solver_lib.dir\release\simulation_parameters.obj
c:\users\imm-vicente\source\repos\liouville_solver_nd\build\src\solver_lib.dir\release\sim_data.obj
c:\users\imm-vicente\source\repos\liouville_solver_nd\build\src\solver_lib.dir\release\solver_lib.tlog\cudacompile.read.1u.tlog
c:\users\imm-vicente\source\repos\liouville_solver_nd\build\src\solver_lib.dir\release\solver_lib.tlog\cudacompile.write.1u.tlog
c:\users\imm-vicente\source\repos\liouville_solver_nd\build\src\solver_lib.dir\release\solver_lib.tlog\custombuild.command.1.tlog
c:\users\imm-vicente\source\repos\liouville_solver_nd\build\src\solver_lib.dir\release\solver_lib.tlog\custombuild.read.1.tlog
c:\users\imm-vicente\source\repos\liouville_solver_nd\build\src\solver_lib.dir\release\solver_lib.tlog\custombuild.write.1.tlog
